Synthesizing design: usb_tx_data_buffer.sv
dc_shell-t -x "source -echo do_mapping.tcl"
                                        
                           Design Compiler Graphical 
                                 DC Ultra (TM)
                                  DFTMAX (TM)
                              Power Compiler (TM)
                                 DesignWare (R)
                                 DC Expert (TM)
                               Design Vision (TM)
                               HDL Compiler (TM)
                               VHDL Compiler (TM)
                                  DFT Compiler
                               Design Compiler(R)
                                        
               Version K-2015.06-SP1 for linux64 - Jul 21, 2015 
                                        
                    Copyright (c) 1988 - 2015 Synopsys, Inc.
   This software and the associated documentation are proprietary to Synopsys,
 Inc. This software may only be used in accordance with the terms and conditions
 of a written license agreement with Synopsys, Inc. All other use, reproduction,
            or distribution of this software is strictly prohibited.
Initializing...
Initializing gui preferences from file  /home/ecegrid/a/mg39/.synopsys_dv_prefs.tcl
# Step 1:  Read in the source file
analyze -format sverilog -lib WORK {controller_tx.sv encoder.sv flex_counter.sv flex_pts_sr.sv shift_register_tx.sv timer_tx.sv timer2_tx.sv timer3_tx.sv timer4_tx.sv data_buffer_tx.sv data_buffer_rx.sv usb_tx.sv usb_tx_data_buffer.sv}
Running PRESTO HDLC
Compiling source file ./source/controller_tx.sv
Compiling source file ./source/encoder.sv
Compiling source file ./source/flex_counter.sv
Compiling source file ./source/flex_pts_sr.sv
Compiling source file ./source/shift_register_tx.sv
Compiling source file ./source/timer_tx.sv
Compiling source file ./source/timer2_tx.sv
Compiling source file ./source/timer3_tx.sv
Compiling source file ./source/timer4_tx.sv
Compiling source file ./source/data_buffer_tx.sv
Compiling source file ./source/data_buffer_rx.sv
Compiling source file ./source/usb_tx.sv
Compiling source file ./source/usb_tx_data_buffer.sv
Presto compilation completed successfully.
Loading db file '/package/eda/cells/OSU/v2.7/synopsys/lib/ami05/osu05_stdcells.db'
Loading db file '/package/eda/synopsys/syn-K-2015.06-SP1/libraries/syn/dw_foundation.sldb'
elaborate usb_tx_data_buffer -lib WORK
Loading db file '/package/eda/synopsys/syn-K-2015.06-SP1/libraries/syn/gtech.db'
Loading db file '/package/eda/synopsys/syn-K-2015.06-SP1/libraries/syn/standard.sldb'
  Loading link library 'osu05_stdcells'
  Loading link library 'gtech'
Running PRESTO HDLC
Presto compilation completed successfully.
Elaborated 1 design.
Current design is now 'usb_tx_data_buffer'.
Information: Building the design 'data_buffer_tx'. (HDL-193)

Statistics for case statements in always block at line 57 in file
	'./source/data_buffer_tx.sv'
===============================================
|           Line           |  full/ parallel  |
===============================================
|            72            |    auto/auto     |
===============================================

Statistics for case statements in always block at line 108 in file
	'./source/data_buffer_tx.sv'
===============================================
|           Line           |  full/ parallel  |
===============================================
|           117            |    auto/auto     |
===============================================

Inferred memory devices in process
	in routine data_buffer_tx line 31 in file
		'./source/data_buffer_tx.sv'.
=================================================================================
|     Register Name     |   Type    | Width | Bus | MB | AR | AS | SR | SS | ST |
=================================================================================
| buffer_occupancy1_reg | Flip-flop |   6   |  Y  | N  | Y  | N  | N  | N  | N  |
|     read_ptr_reg      | Flip-flop |   6   |  Y  | N  | Y  | N  | N  | N  | N  |
|    write_ptr1_reg     | Flip-flop |   7   |  Y  | N  | Y  | N  | N  | N  | N  |
|  tx_packet_data_reg   | Flip-flop |   8   |  Y  | N  | Y  | N  | N  | N  | N  |
=================================================================================

Inferred memory devices in process
	in routine data_buffer_tx line 57 in file
		'./source/data_buffer_tx.sv'.
===============================================================================
|    Register Name    |   Type    | Width | Bus | MB | AR | AS | SR | SS | ST |
===============================================================================
|       mem_reg       | Flip-flop |  504  |  Y  | N  | Y  | N  | N  | N  | N  |
|    data_out_reg     | Flip-flop |   8   |  Y  | N  | Y  | N  | N  | N  | N  |
===============================================================================

Inferred memory devices in process
	in routine data_buffer_tx line 169 in file
		'./source/data_buffer_tx.sv'.
===============================================================================
|    Register Name    |   Type    | Width | Bus | MB | AR | AS | SR | SS | ST |
===============================================================================
|    shift_reg_reg    | Flip-flop |  378  |  Y  | N  | Y  | N  | N  | N  | N  |
===============================================================================

Inferred memory devices in process
	in routine data_buffer_tx line 185 in file
		'./source/data_buffer_tx.sv'.
================================================================================
|    Register Name     |   Type    | Width | Bus | MB | AR | AS | SR | SS | ST |
================================================================================
| buffer_occupancy_reg | Flip-flop |   6   |  Y  | N  | Y  | N  | N  | N  | N  |
================================================================================
Statistics for MUX_OPs
============================================================
| block name/line   | Inputs | Outputs | # sel inputs | MB |
============================================================
| data_buffer_tx/91 |   64   |    8    |      6       | N  |
============================================================
Presto compilation completed successfully.
Information: Building the design 'data_buffer_rx'. (HDL-193)

Inferred memory devices in process
	in routine data_buffer_rx line 27 in file
		'./source/data_buffer_rx.sv'.
===================================================================================
|      Register Name      |   Type    | Width | Bus | MB | AR | AS | SR | SS | ST |
===================================================================================
| buffer_occupancy_rx_reg | Flip-flop |   6   |  Y  | N  | Y  | N  | N  | N  | N  |
|      read_ptr_reg       | Flip-flop |   6   |  Y  | N  | Y  | N  | N  | N  | N  |
|      write_ptr_reg      | Flip-flop |   7   |  Y  | N  | Y  | N  | N  | N  | N  |
|       rx_data_reg       | Flip-flop |  32   |  Y  | N  | Y  | N  | N  | N  | N  |
===================================================================================

Inferred memory devices in process
	in routine data_buffer_rx line 42 in file
		'./source/data_buffer_rx.sv'.
===============================================================================
|    Register Name    |   Type    | Width | Bus | MB | AR | AS | SR | SS | ST |
===============================================================================
|       mem_reg       | Flip-flop | 2016  |  Y  | N  | Y  | N  | N  | N  | N  |
|    data_out_reg     | Flip-flop |  32   |  Y  | N  | Y  | N  | N  | N  | N  |
===============================================================================
Statistics for MUX_OPs
============================================================
| block name/line   | Inputs | Outputs | # sel inputs | MB |
============================================================
| data_buffer_rx/58 |   64   |   32    |      6       | N  |
============================================================
Presto compilation completed successfully.
Information: Building the design 'usb_tx'. (HDL-193)
Presto compilation completed successfully.
Information: Building the design 'controller_tx'. (HDL-193)

Statistics for case statements in always block at line 33 in file
	'./source/controller_tx.sv'
===============================================
|           Line           |  full/ parallel  |
===============================================
|            46            |     no/auto      |
===============================================

Inferred memory devices in process
	in routine controller_tx line 24 in file
		'./source/controller_tx.sv'.
===============================================================================
|    Register Name    |   Type    | Width | Bus | MB | AR | AS | SR | SS | ST |
===============================================================================
|   curr_state_reg    | Flip-flop |   5   |  Y  | N  | Y  | N  | N  | N  | N  |
===============================================================================
Presto compilation completed successfully.
Information: Building the design 'timer_tx'. (HDL-193)
Presto compilation completed successfully.
Information: Building the design 'timer2_tx'. (HDL-193)
Presto compilation completed successfully.
Information: Building the design 'timer3_tx'. (HDL-193)
Presto compilation completed successfully.
Information: Building the design 'timer4_tx'. (HDL-193)
Presto compilation completed successfully.
Information: Building the design 'shift_register_tx'. (HDL-193)

Statistics for case statements in always block at line 18 in file
	'./source/shift_register_tx.sv'
===============================================
|           Line           |  full/ parallel  |
===============================================
|            19            |    auto/auto     |
===============================================

Statistics for case statements in always block at line 36 in file
	'./source/shift_register_tx.sv'
===============================================
|           Line           |  full/ parallel  |
===============================================
|            37            |    auto/auto     |
===============================================
Presto compilation completed successfully.
Information: Building the design 'encoder'. (HDL-193)

Statistics for case statements in always block at line 61 in file
	'./source/encoder.sv'
===============================================
|           Line           |  full/ parallel  |
===============================================
|            65            |    auto/auto     |
===============================================

Inferred memory devices in process
	in routine encoder line 32 in file
		'./source/encoder.sv'.
===============================================================================
|    Register Name    |   Type    | Width | Bus | MB | AR | AS | SR | SS | ST |
===============================================================================
|   enable_pts1_reg   | Flip-flop |   1   |  N  | N  | Y  | N  | N  | N  | N  |
|   clk12_sync1_reg   | Flip-flop |   1   |  N  | N  | Y  | N  | N  | N  | N  |
===============================================================================

Inferred memory devices in process
	in routine encoder line 43 in file
		'./source/encoder.sv'.
===============================================================================
|    Register Name    |   Type    | Width | Bus | MB | AR | AS | SR | SS | ST |
===============================================================================
|   clk12_sync_reg    | Flip-flop |   1   |  N  | N  | Y  | N  | N  | N  | N  |
===============================================================================

Inferred memory devices in process
	in routine encoder line 52 in file
		'./source/encoder.sv'.
===============================================================================
|    Register Name    |   Type    | Width | Bus | MB | AR | AS | SR | SS | ST |
===============================================================================
|   curr_state_reg    | Flip-flop |   2   |  Y  | N  | Y  | N  | N  | N  | N  |
===============================================================================
Presto compilation completed successfully.
Information: Building the design 'flex_counter'. (HDL-193)

Inferred memory devices in process
	in routine flex_counter line 22 in file
		'./source/flex_counter.sv'.
===============================================================================
|    Register Name    |   Type    | Width | Bus | MB | AR | AS | SR | SS | ST |
===============================================================================
|  rollover_flag_reg  | Flip-flop |   1   |  N  | N  | Y  | N  | N  | N  | N  |
|    count_out_reg    | Flip-flop |   4   |  Y  | N  | Y  | N  | N  | N  | N  |
===============================================================================
Presto compilation completed successfully.
Information: Building the design 'flex_counter' instantiated from design 'timer3_tx' with
	the parameters "NUM_CNT_BITS=6". (HDL-193)

Inferred memory devices in process
	in routine flex_counter_NUM_CNT_BITS6 line 22 in file
		'./source/flex_counter.sv'.
===============================================================================
|    Register Name    |   Type    | Width | Bus | MB | AR | AS | SR | SS | ST |
===============================================================================
|  rollover_flag_reg  | Flip-flop |   1   |  N  | N  | Y  | N  | N  | N  | N  |
|    count_out_reg    | Flip-flop |   6   |  Y  | N  | Y  | N  | N  | N  | N  |
===============================================================================
Presto compilation completed successfully.
Information: Building the design 'flex_pts_sr' instantiated from design 'shift_register_tx' with
	the parameters "NUM_BITS=8,SHIFT_MSB=0". (HDL-193)

Inferred memory devices in process
	in routine flex_pts_sr_NUM_BITS8_SHIFT_MSB0 line 21 in file
		'./source/flex_pts_sr.sv'.
===============================================================================
|    Register Name    |   Type    | Width | Bus | MB | AR | AS | SR | SS | ST |
===============================================================================
|  parallel_out_reg   | Flip-flop |   8   |  Y  | N  | N  | Y  | N  | N  | N  |
===============================================================================
Presto compilation completed successfully.
uniquify
Information: Uniquified 3 instances of design 'flex_counter'. (OPT-1056)
Information: Uniquified 2 instances of design 'flex_counter_NUM_CNT_BITS6'. (OPT-1056)
# Step 2: Set design constraints
# Uncomment below to set timing, area, power, etc. constraints
# set_max_delay <delay> -from "<input>" -to "<output>"
# set_max_area <area>
# set_max_total_power <power> mW
# Step 3: Compile the design
compile -map_effort medium
Information: Checking out the license 'DesignWare'. (SEC-104)
Information: Evaluating DesignWare library utilization. (UISN-27)

============================================================================
| DesignWare Building Block Library  |         Version         | Available |
============================================================================
| Basic DW Building Blocks           | K-2015.06-DWBB_201506.1 |     *     |
| Licensed DW Building Blocks        | K-2015.06-DWBB_201506.1 |     *     |
============================================================================


Information: There are 69 potential problems in your design. Please run 'check_design' for more information. (LINT-99)



  Beginning Pass 1 Mapping
  ------------------------
  Processing 'encoder'
  Processing 'flex_pts_sr_NUM_BITS8_SHIFT_MSB0'
  Processing 'shift_register_tx'
  Processing 'flex_counter_NUM_CNT_BITS6_0'
  Processing 'timer4_tx'
  Processing 'timer3_tx'
  Processing 'flex_counter_0'
  Processing 'timer2_tx'
  Processing 'timer_tx'
  Processing 'controller_tx'
  Processing 'usb_tx'
  Processing 'data_buffer_rx'
  Processing 'data_buffer_tx'
  Processing 'usb_tx_data_buffer'

  Updating timing information
Information: Updating design information... (UID-85)
Information: Design 'usb_tx_data_buffer' has no optimization constraints set. (OPT-108)

  Beginning Implementation Selection
  ----------------------------------
  Processing 'flex_counter_NUM_CNT_BITS6_0_DW01_cmp6_0'
  Processing 'flex_counter_NUM_CNT_BITS6_0_DW01_inc_0'
  Mapping 'flex_counter_NUM_CNT_BITS6_0_DW_mult_uns_0'
  Processing 'flex_counter_NUM_CNT_BITS6_0_DW01_cmp6_1'
  Processing 'flex_counter_NUM_CNT_BITS6_1_DW01_cmp6_0'
  Processing 'flex_counter_NUM_CNT_BITS6_1_DW01_inc_0'
  Mapping 'flex_counter_NUM_CNT_BITS6_1_DW_mult_uns_0'
  Processing 'flex_counter_NUM_CNT_BITS6_1_DW01_cmp6_1'
  Mapping 'flex_counter_0_DW_mult_uns_0'
  Mapping 'flex_counter_1_DW_mult_uns_0'
  Mapping 'flex_counter_2_DW_mult_uns_0'
  Processing 'data_buffer_rx_DW01_sub_0'
  Processing 'data_buffer_rx_DW01_inc_0'
  Processing 'data_buffer_rx_DW01_inc_1'
  Processing 'data_buffer_tx_DW01_add_0'
  Processing 'data_buffer_tx_DW01_add_1'
  Processing 'data_buffer_tx_DW01_inc_0'
  Processing 'data_buffer_tx_DW01_inc_1'
  Processing 'data_buffer_tx_DW01_sub_0'
  Processing 'data_buffer_tx_DW01_add_2'

                                  TOTAL                                      
   ELAPSED            WORST NEG   SETUP    DESIGN                            
    TIME      AREA      SLACK     COST    RULE COST         ENDPOINT         
  --------- --------- --------- --------- --------- -------------------------
    0:00:14 7627698.0      0.00       0.0     235.1                          
    0:00:14 7627698.0      0.00       0.0     235.1                          

  Beginning Mapping Optimizations  (Medium effort)
  -------------------------------
Information: Added key list 'DesignWare' to design 'flex_counter_NUM_CNT_BITS6_0'. (DDB-72)
Information: Added key list 'DesignWare' to design 'flex_counter_NUM_CNT_BITS6_1'. (DDB-72)
Information: Added key list 'DesignWare' to design 'flex_counter_0'. (DDB-72)
Information: Added key list 'DesignWare' to design 'flex_counter_1'. (DDB-72)
Information: Added key list 'DesignWare' to design 'flex_counter_2'. (DDB-72)
  Structuring 'flex_counter_NUM_CNT_BITS6_0'
  Mapping 'flex_counter_NUM_CNT_BITS6_0'
  Structuring 'flex_counter_1'
  Mapping 'flex_counter_1'
  Structuring 'flex_counter_0'
  Mapping 'flex_counter_0'
  Structuring 'flex_pts_sr_NUM_BITS8_SHIFT_MSB0'
  Mapping 'flex_pts_sr_NUM_BITS8_SHIFT_MSB0'
  Structuring 'flex_counter_NUM_CNT_BITS6_1'
  Mapping 'flex_counter_NUM_CNT_BITS6_1'
  Structuring 'flex_counter_2'
  Mapping 'flex_counter_2'
  Structuring 'encoder'
  Mapping 'encoder'
  Structuring 'shift_register_tx'
  Mapping 'shift_register_tx'
  Structuring 'timer4_tx'
  Mapping 'timer4_tx'
  Structuring 'timer3_tx'
  Mapping 'timer3_tx'
  Structuring 'timer2_tx'
  Mapping 'timer2_tx'
  Structuring 'timer_tx'
  Mapping 'timer_tx'
  Structuring 'controller_tx'
  Mapping 'controller_tx'
  Structuring 'data_buffer_rx'
  Mapping 'data_buffer_rx'
  Structuring 'data_buffer_tx'
  Mapping 'data_buffer_tx'
    0:00:18 7878339.0      0.00       0.0     187.5                          
    0:00:18 7878339.0      0.00       0.0     187.5                          
    0:00:18 7878339.0      0.00       0.0     187.5                          
    0:00:18 7878339.0      0.00       0.0     187.5                          
    0:00:19 7878339.0      0.00       0.0     187.5                          
    0:00:19 7863795.0      0.00       0.0     187.5                          
    0:00:19 7863795.0      0.00       0.0     187.5                          
    0:00:19 7863795.0      0.00       0.0     187.5                          
    0:00:19 7863795.0      0.00       0.0     187.5                          
    0:00:19 7863795.0      0.00       0.0     187.5                          
    0:00:19 7866171.0      0.00       0.0     176.8                          
    0:00:20 7866819.0      0.00       0.0     173.3                          
    0:00:20 7867251.0      0.00       0.0     171.2                          
    0:00:20 7867971.0      0.00       0.0     167.9                          
    0:00:20 7868187.0      0.00       0.0     167.3                          
    0:00:20 7868403.0      0.00       0.0     166.6                          
    0:00:20 7868547.0      0.00       0.0     166.2                          
    0:00:20 7868691.0      0.00       0.0     165.8                          
    0:00:20 7868835.0      0.00       0.0     165.3                          
    0:00:20 7868835.0      0.00       0.0     165.3                          



  Beginning Delay Optimization Phase
  ----------------------------------

                                  TOTAL                                      
   ELAPSED            WORST NEG   SETUP    DESIGN                            
    TIME      AREA      SLACK     COST    RULE COST         ENDPOINT         
  --------- --------- --------- --------- --------- -------------------------
    0:00:20 7868835.0      0.00       0.0     165.3                          
    0:00:20 7868835.0      0.00       0.0     165.3                          
    0:00:20 7868835.0      0.00       0.0     165.3                          


  Beginning Design Rule Fixing  (max_capacitance)
  ----------------------------

                                  TOTAL                                      
   ELAPSED            WORST NEG   SETUP    DESIGN                            
    TIME      AREA      SLACK     COST    RULE COST         ENDPOINT         
  --------- --------- --------- --------- --------- -------------------------
    0:00:20 7868835.0      0.00       0.0     165.3                          
    0:00:21 7882875.0      0.00       0.0     110.6 DATA_BUFFER1/net67489    
    0:00:21 7896699.0      0.00       0.0      60.3 DATA_BUFFER/net70956     
    0:00:21 7908363.0      0.00       0.0      30.3 DATA_BUFFER1/net68855    
    0:00:21 7919883.0      0.00       0.0       6.9 DATA_BUFFER1/net67795    
    0:00:21 7923411.0      0.00       0.0       0.0                          


  Beginning Area-Recovery Phase  (cleanup)
  -----------------------------

                                  TOTAL                                      
   ELAPSED            WORST NEG   SETUP    DESIGN                            
    TIME      AREA      SLACK     COST    RULE COST         ENDPOINT         
  --------- --------- --------- --------- --------- -------------------------
    0:00:21 7923411.0      0.00       0.0       0.0                          
    0:00:21 7923411.0      0.00       0.0       0.0                          
    0:00:21 7918587.0      0.00       0.0       0.0                          
    0:00:21 7918587.0      0.00       0.0       0.0                          
    0:00:21 7918587.0      0.00       0.0       0.0                          
    0:00:22 7918587.0      0.00       0.0       0.0                          
    0:00:22 7918587.0      0.00       0.0       0.0                          
    0:00:22 7918587.0      0.00       0.0       0.0                          
    0:00:22 7918587.0      0.00       0.0       0.0                          
    0:00:22 7918587.0      0.00       0.0       0.0                          
    0:00:22 7918587.0      0.00       0.0       0.0                          
Loading db file '/package/eda/cells/OSU/v2.7/synopsys/lib/ami05/osu05_stdcells.db'


Note: Symbol # after min delay cost means estimated hold TNS across all active scenarios 


  Optimization Complete
  ---------------------
Warning: Design 'usb_tx_data_buffer' contains 2 high-fanout nets. A fanout number of 1000 will be used for delay calculations involving these nets. (TIM-134)
     Net 'USB/TIMER4/CNT1/clk': 3069 load(s), 1 driver(s)
     Net 'USB/TIMER4/CNT1/n_rst': 3069 load(s), 1 driver(s)
# Step 4: Output reports
report_timing -path full -delay max -max_paths 1 -nworst 1 > reports/usb_tx_data_buffer.rep
report_area >> reports/usb_tx_data_buffer.rep
report_power -hier >> reports/usb_tx_data_buffer.rep
# Step 5: Output final VHDL and Verilog files
write_file -format verilog -hierarchy -output "mapped/usb_tx_data_buffer.v"
Writing verilog file '/home/ecegrid/a/mg39/ece337/CDL/mapped/usb_tx_data_buffer.v'.
Warning: Verilog 'assign' or 'tran' statements are written out. (VO-4)
echo "\nScript Done\n"

Script Done

echo "\nChecking Design\n"

Checking Design

check_design
 
****************************************
check_design summary:
Version:     K-2015.06-SP1
Date:        Tue Apr 23 21:07:38 2024
****************************************

                   Name                                            Total
--------------------------------------------------------------------------------
Inputs/Outputs                                                      5
    Unconnected ports (LINT-28)                                     4
    Shorted outputs (LINT-31)                                       1

Cells                                                              30
    Connected to power or ground (LINT-32)                         22
    Nets connected to multiple pins on same cell (LINT-33)          8
--------------------------------------------------------------------------------

Warning: In design 'data_buffer_rx_DW01_sub_0', port 'CI' is not connected to any nets. (LINT-28)
Warning: In design 'data_buffer_rx_DW01_sub_0', port 'CO' is not connected to any nets. (LINT-28)
Warning: In design 'data_buffer_tx_DW01_sub_0', port 'CI' is not connected to any nets. (LINT-28)
Warning: In design 'data_buffer_tx_DW01_sub_0', port 'CO' is not connected to any nets. (LINT-28)
Warning: In design 'controller_tx', output port 'enable_timer_bits52' is connected directly to output port 'enable_timer_bits51'. (LINT-31)
Warning: In design 'data_buffer_tx', a pin on submodule 'sub_166' is connected to logic 1 or logic 0. (LINT-32)
   Pin 'CI' is connected to logic 0. 
Warning: In design 'data_buffer_rx', a pin on submodule 'sub_120' is connected to logic 1 or logic 0. (LINT-32)
   Pin 'CI' is connected to logic 0. 
Warning: In design 'timer_tx', a pin on submodule 'CNT1' is connected to logic 1 or logic 0. (LINT-32)
   Pin 'rollover_val[3]' is connected to logic 1. 
Warning: In design 'timer_tx', a pin on submodule 'CNT1' is connected to logic 1 or logic 0. (LINT-32)
   Pin 'rollover_val[2]' is connected to logic 0. 
Warning: In design 'timer_tx', a pin on submodule 'CNT1' is connected to logic 1 or logic 0. (LINT-32)
   Pin 'rollover_val[1]' is connected to logic 0. 
Warning: In design 'timer_tx', a pin on submodule 'CNT1' is connected to logic 1 or logic 0. (LINT-32)
   Pin 'rollover_val[0]' is connected to logic 0. 
Warning: In design 'timer_tx', a pin on submodule 'CNT2' is connected to logic 1 or logic 0. (LINT-32)
   Pin 'rollover_val[3]' is connected to logic 1. 
Warning: In design 'timer_tx', a pin on submodule 'CNT2' is connected to logic 1 or logic 0. (LINT-32)
   Pin 'rollover_val[2]' is connected to logic 0. 
Warning: In design 'timer_tx', a pin on submodule 'CNT2' is connected to logic 1 or logic 0. (LINT-32)
   Pin 'rollover_val[1]' is connected to logic 0. 
Warning: In design 'timer_tx', a pin on submodule 'CNT2' is connected to logic 1 or logic 0. (LINT-32)
   Pin 'rollover_val[0]' is connected to logic 0. 
Warning: In design 'timer2_tx', a pin on submodule 'CNT1' is connected to logic 1 or logic 0. (LINT-32)
   Pin 'rollover_val[3]' is connected to logic 1. 
Warning: In design 'timer2_tx', a pin on submodule 'CNT1' is connected to logic 1 or logic 0. (LINT-32)
   Pin 'rollover_val[2]' is connected to logic 0. 
Warning: In design 'timer2_tx', a pin on submodule 'CNT1' is connected to logic 1 or logic 0. (LINT-32)
   Pin 'rollover_val[1]' is connected to logic 0. 
Warning: In design 'timer2_tx', a pin on submodule 'CNT1' is connected to logic 1 or logic 0. (LINT-32)
   Pin 'rollover_val[0]' is connected to logic 1. 
Warning: In design 'timer3_tx', a pin on submodule 'CNT1' is connected to logic 1 or logic 0. (LINT-32)
   Pin 'rollover_val[3]' is connected to logic 0. 
Warning: In design 'timer3_tx', a pin on submodule 'CNT1' is connected to logic 1 or logic 0. (LINT-32)
   Pin 'rollover_val[0]' is connected to logic 0. 
Warning: In design 'timer4_tx', a pin on submodule 'CNT1' is connected to logic 1 or logic 0. (LINT-32)
   Pin 'rollover_val[5]' is connected to logic 1. 
Warning: In design 'timer4_tx', a pin on submodule 'CNT1' is connected to logic 1 or logic 0. (LINT-32)
   Pin 'rollover_val[4]' is connected to logic 1. 
Warning: In design 'timer4_tx', a pin on submodule 'CNT1' is connected to logic 1 or logic 0. (LINT-32)
   Pin 'rollover_val[3]' is connected to logic 0. 
Warning: In design 'timer4_tx', a pin on submodule 'CNT1' is connected to logic 1 or logic 0. (LINT-32)
   Pin 'rollover_val[2]' is connected to logic 0. 
Warning: In design 'timer4_tx', a pin on submodule 'CNT1' is connected to logic 1 or logic 0. (LINT-32)
   Pin 'rollover_val[1]' is connected to logic 1. 
Warning: In design 'timer4_tx', a pin on submodule 'CNT1' is connected to logic 1 or logic 0. (LINT-32)
   Pin 'rollover_val[0]' is connected to logic 1. 
Warning: In design 'timer_tx', the same net is connected to more than one pin on submodule 'CNT1'. (LINT-33)
   Net '*Logic0*' is connected to pins 'rollover_val[2]', 'rollover_val[1]'', 'rollover_val[0]'.
Warning: In design 'timer_tx', the same net is connected to more than one pin on submodule 'CNT2'. (LINT-33)
   Net '*Logic0*' is connected to pins 'rollover_val[2]', 'rollover_val[1]'', 'rollover_val[0]'.
Warning: In design 'timer2_tx', the same net is connected to more than one pin on submodule 'CNT1'. (LINT-33)
   Net '*Logic1*' is connected to pins 'rollover_val[3]', 'rollover_val[0]''.
Warning: In design 'timer2_tx', the same net is connected to more than one pin on submodule 'CNT1'. (LINT-33)
   Net '*Logic0*' is connected to pins 'rollover_val[2]', 'rollover_val[1]''.
Warning: In design 'timer3_tx', the same net is connected to more than one pin on submodule 'CNT1'. (LINT-33)
   Net 'n2' is connected to pins 'count_enable', 'rollover_val[5]'', 'rollover_val[4]', 'rollover_val[2]'.
Warning: In design 'timer3_tx', the same net is connected to more than one pin on submodule 'CNT1'. (LINT-33)
   Net '*Logic0*' is connected to pins 'rollover_val[3]', 'rollover_val[0]''.
Warning: In design 'timer4_tx', the same net is connected to more than one pin on submodule 'CNT1'. (LINT-33)
   Net '*Logic1*' is connected to pins 'rollover_val[5]', 'rollover_val[4]'', 'rollover_val[1]', 'rollover_val[0]'.
Warning: In design 'timer4_tx', the same net is connected to more than one pin on submodule 'CNT1'. (LINT-33)
   Net '*Logic0*' is connected to pins 'rollover_val[3]', 'rollover_val[2]''.
quit

Thank you...
Done


